Performing C SOURCE FILE Test CMAKE_HAVE_LIBC_PTHREAD failed with the following output:
Change Dir: /home/kirill/Documents/ВУЗ/MRZvIS/laba_1/cmake-build-debug/CMakeFiles/CMakeTmp

Run Build Command(s):/usr/bin/make cmTC_eb55c/fast && /usr/bin/make -f CMakeFiles/cmTC_eb55c.dir/build.make CMakeFiles/cmTC_eb55c.dir/build
make[1]: Entering directory '/home/kirill/Documents/ВУЗ/MRZvIS/laba_1/cmake-build-debug/CMakeFiles/CMakeTmp'
Building C object CMakeFiles/cmTC_eb55c.dir/src.c.o
/usr/bin/cc   -DCMAKE_HAVE_LIBC_PTHREAD   -o CMakeFiles/cmTC_eb55c.dir/src.c.o   -c /home/kirill/Documents/ВУЗ/MRZvIS/laba_1/cmake-build-debug/CMakeFiles/CMakeTmp/src.c
Linking C executable cmTC_eb55c
/snap/clion/103/bin/cmake/linux/bin/cmake -E cmake_link_script CMakeFiles/cmTC_eb55c.dir/link.txt --verbose=1
/usr/bin/cc  -DCMAKE_HAVE_LIBC_PTHREAD    -rdynamic CMakeFiles/cmTC_eb55c.dir/src.c.o  -o cmTC_eb55c 
/usr/bin/ld: CMakeFiles/cmTC_eb55c.dir/src.c.o: in function `main':
src.c:(.text+0x3e): undefined reference to `pthread_create'
/usr/bin/ld: src.c:(.text+0x4a): undefined reference to `pthread_detach'
/usr/bin/ld: src.c:(.text+0x5b): undefined reference to `pthread_join'
collect2: error: ld returned 1 exit status
make[1]: *** [CMakeFiles/cmTC_eb55c.dir/build.make:87: cmTC_eb55c] Error 1
make[1]: Leaving directory '/home/kirill/Documents/ВУЗ/MRZvIS/laba_1/cmake-build-debug/CMakeFiles/CMakeTmp'
make: *** [Makefile:121: cmTC_eb55c/fast] Error 2


Source file was:
#include <pthread.h>

void* test_func(void* data)
{
  return data;
}

int main(void)
{
  pthread_t thread;
  pthread_create(&thread, NULL, test_func, NULL);
  pthread_detach(thread);
  pthread_join(thread, NULL);
  pthread_atfork(NULL, NULL, NULL);
  pthread_exit(NULL);

  return 0;
}

Determining if the function pthread_create exists in the pthreads failed with the following output:
Change Dir: /home/kirill/Documents/ВУЗ/MRZvIS/laba_1/cmake-build-debug/CMakeFiles/CMakeTmp

Run Build Command(s):/usr/bin/make cmTC_0c154/fast && /usr/bin/make -f CMakeFiles/cmTC_0c154.dir/build.make CMakeFiles/cmTC_0c154.dir/build
make[1]: Entering directory '/home/kirill/Documents/ВУЗ/MRZvIS/laba_1/cmake-build-debug/CMakeFiles/CMakeTmp'
Building C object CMakeFiles/cmTC_0c154.dir/CheckFunctionExists.c.o
/usr/bin/cc   -DCHECK_FUNCTION_EXISTS=pthread_create   -o CMakeFiles/cmTC_0c154.dir/CheckFunctionExists.c.o   -c /snap/clion/103/bin/cmake/linux/share/cmake-3.15/Modules/CheckFunctionExists.c
Linking C executable cmTC_0c154
/snap/clion/103/bin/cmake/linux/bin/cmake -E cmake_link_script CMakeFiles/cmTC_0c154.dir/link.txt --verbose=1
/usr/bin/cc  -DCHECK_FUNCTION_EXISTS=pthread_create    -rdynamic CMakeFiles/cmTC_0c154.dir/CheckFunctionExists.c.o  -o cmTC_0c154 -lpthreads 
/usr/bin/ld: cannot find -lpthreads
collect2: error: ld returned 1 exit status
make[1]: *** [CMakeFiles/cmTC_0c154.dir/build.make:87: cmTC_0c154] Error 1
make[1]: Leaving directory '/home/kirill/Documents/ВУЗ/MRZvIS/laba_1/cmake-build-debug/CMakeFiles/CMakeTmp'
make: *** [Makefile:121: cmTC_0c154/fast] Error 2



